[2026-05-28 15:20:59.196] [INFO] Log file: C:\Eshant_Sonhar\Road Safety Hackathon\logs\acceptance_20260528_152059.log
[2026-05-28 15:20:59.228] [INFO] Root: C:\Eshant_Sonhar\Road Safety Hackathon
[2026-05-28 15:20:59.232] [INFO] PowerShell: 5.1.26100.8457
[2026-05-28 15:20:59.232] [STEP] 1/7 Validate environment
[2026-05-28 15:20:59.232] [OK] Found python: C:\Users\eshan\AppData\Local\Programs\Python\Python311\python.exe
[2026-05-28 15:20:59.243] [OK] Found npm.cmd: C:\Program Files\nodejs\npm.cmd
[2026-05-28 15:20:59.249] [OK] Found node: C:\Program Files\nodejs\node.exe
[2026-05-28 15:20:59.283] [OK] Found node: C:\Program Files\nodejs\node.exe
[2026-05-28 15:20:59.515] [STEP] 2/7 Validate project structure
[2026-05-28 15:20:59.515] [OK] Present: C:\Eshant_Sonhar\Road Safety Hackathon\backend
[2026-05-28 15:20:59.528] [OK] Present: C:\Eshant_Sonhar\Road Safety Hackathon\backend\requirements.txt
[2026-05-28 15:20:59.531] [OK] Present: C:\Eshant_Sonhar\Road Safety Hackathon\backend\app\main.py
[2026-05-28 15:20:59.532] [OK] Present: C:\Eshant_Sonhar\Road Safety Hackathon\frontend
[2026-05-28 15:20:59.534] [OK] Present: C:\Eshant_Sonhar\Road Safety Hackathon\frontend\package.json
[2026-05-28 15:20:59.536] [OK] Present: C:\Eshant_Sonhar\Road Safety Hackathon\frontend\vite.config.ts
[2026-05-28 15:20:59.538] [OK] Present: C:\Eshant_Sonhar\Road Safety Hackathon\scripts\logger.ps1
[2026-05-28 15:20:59.539] [OK] Present: C:\Eshant_Sonhar\Road Safety Hackathon\scripts\healthcheck.ps1
[2026-05-28 15:20:59.542] [STEP] 3/7 Configure backend environment
[2026-05-28 15:20:59.544] [OK] backend\.env already exists
[2026-05-28 15:20:59.549] [STEP] Applying backend environment
[2026-05-28 15:20:59.564] [OK] Applied 24 backend environment variable(s)
[2026-05-28 15:20:59.569] [STEP] 4/7 Prepare Python backend
[2026-05-28 15:20:59.569] [OK] Virtual environment exists: C:\Eshant_Sonhar\Road Safety Hackathon\backend\.venv
[2026-05-28 15:21:00.241] [OK] Core backend packages are installed
[2026-05-28 15:21:00.245] [STEP] 5/7 Prepare frontend
[2026-05-28 15:21:00.247] [OK] node_modules already exists
[2026-05-28 15:21:00.247] [OK] Frontend dependencies are ready
[2026-05-28 15:21:00.247] [STEP] 6/7 Start services
[2026-05-28 15:21:00.253] [STEP] Clearing occupied RoadSoS ports
[2026-05-28 15:21:04.147] [OK] Required ports are available
[2026-05-28 15:21:04.147] [STEP] Starting backend on http://127.0.0.1:8000
[2026-05-28 15:21:04.176] [OK] Backend process started. PID 17824
[2026-05-28 15:21:04.178] [INFO] Backend stdout: C:\Eshant_Sonhar\Road Safety Hackathon\logs\backend_stdout.log
[2026-05-28 15:21:04.180] [INFO] Backend stderr: C:\Eshant_Sonhar\Road Safety Hackathon\logs\backend_stderr.log
[2026-05-28 15:21:05.214] [WAIT] Waiting for backend: http://127.0.0.1:8000/health
[2026-05-28 15:21:23.023] [OK] backend is ready after 17.8s (5/45)
[2026-05-28 15:21:23.031] [STEP] Starting frontend on http://127.0.0.1:5173
[2026-05-28 15:21:23.047] [OK] Frontend process started. PID 4492
[2026-05-28 15:21:23.047] [INFO] Frontend stdout: C:\Eshant_Sonhar\Road Safety Hackathon\logs\frontend_stdout.log
[2026-05-28 15:21:23.047] [INFO] Frontend stderr: C:\Eshant_Sonhar\Road Safety Hackathon\logs\frontend_stderr.log
[2026-05-28 15:21:24.068] [WAIT] Waiting for frontend: http://127.0.0.1:5173/
[2026-05-28 15:21:25.122] [OK] frontend is ready after 1.1s (1/45)
[2026-05-28 15:21:25.125] [STEP] 7/7 Final verification
[2026-05-28 15:21:25.442] [OK] Backend health: http://127.0.0.1:8000/health
[2026-05-28 15:21:25.455] [OK] Frontend: http://127.0.0.1:5173/
[2026-05-28 15:21:25.511] [INFO] Opening browser
[2026-05-28 15:21:25.713] [OK] RoadSoS is live
[2026-05-28 15:21:25.728] [OK] Frontend: http://127.0.0.1:5173/
[2026-05-28 15:21:25.731] [OK] Backend: http://127.0.0.1:8000/health
[2026-05-28 15:21:25.824] [OK] API docs: http://127.0.0.1:8000/api/docs
[2026-05-28 15:21:25.832] [INFO] Log file: C:\Eshant_Sonhar\Road Safety Hackathon\logs\acceptance_20260528_152059.log
[2026-05-28 15:21:25.837] [INFO] Log session ended
