[2026-05-28 15:19:29.716] [INFO] Log file: C:\Eshant_Sonhar\Road Safety Hackathon\logs\acceptance_20260528_151929.log
[2026-05-28 15:19:29.739] [INFO] Root: C:\Eshant_Sonhar\Road Safety Hackathon
[2026-05-28 15:19:29.748] [INFO] PowerShell: 5.1.26100.8457
[2026-05-28 15:19:29.751] [STEP] 1/7 Validate environment
[2026-05-28 15:19:29.757] [OK] Found python: C:\Users\eshan\AppData\Local\Programs\Python\Python311\python.exe
[2026-05-28 15:19:29.759] [OK] Found npm.cmd: C:\Program Files\nodejs\npm.cmd
[2026-05-28 15:19:29.763] [OK] Found node: C:\Program Files\nodejs\node.exe
[2026-05-28 15:19:29.795] [OK] Found node: C:\Program Files\nodejs\node.exe
[2026-05-28 15:19:30.049] [STEP] 2/7 Validate project structure
[2026-05-28 15:19:30.049] [OK] Present: C:\Eshant_Sonhar\Road Safety Hackathon\backend
[2026-05-28 15:19:30.049] [OK] Present: C:\Eshant_Sonhar\Road Safety Hackathon\backend\requirements.txt
[2026-05-28 15:19:30.049] [OK] Present: C:\Eshant_Sonhar\Road Safety Hackathon\backend\app\main.py
[2026-05-28 15:19:30.049] [OK] Present: C:\Eshant_Sonhar\Road Safety Hackathon\frontend
[2026-05-28 15:19:30.064] [OK] Present: C:\Eshant_Sonhar\Road Safety Hackathon\frontend\package.json
[2026-05-28 15:19:30.067] [OK] Present: C:\Eshant_Sonhar\Road Safety Hackathon\frontend\vite.config.ts
[2026-05-28 15:19:30.069] [OK] Present: C:\Eshant_Sonhar\Road Safety Hackathon\scripts\logger.ps1
[2026-05-28 15:19:30.071] [OK] Present: C:\Eshant_Sonhar\Road Safety Hackathon\scripts\healthcheck.ps1
[2026-05-28 15:19:30.073] [STEP] 3/7 Configure backend environment
[2026-05-28 15:19:30.076] [OK] backend\.env already exists
[2026-05-28 15:19:30.079] [STEP] 4/7 Prepare Python backend
[2026-05-28 15:19:30.081] [OK] Virtual environment exists: C:\Eshant_Sonhar\Road Safety Hackathon\backend\.venv
[2026-05-28 15:19:30.714] [OK] Core backend packages are installed
[2026-05-28 15:19:30.721] [STEP] 5/7 Prepare frontend
[2026-05-28 15:19:30.721] [OK] node_modules already exists
[2026-05-28 15:19:30.721] [OK] Frontend dependencies are ready
[2026-05-28 15:19:30.721] [STEP] 6/7 Start services
[2026-05-28 15:19:30.730] [STEP] Clearing occupied RoadSoS ports
[2026-05-28 15:19:34.498] [OK] Required ports are available
[2026-05-28 15:19:34.514] [STEP] Starting backend on http://127.0.0.1:8000
[2026-05-28 15:19:34.534] [OK] Backend process started. PID 40132
[2026-05-28 15:19:34.536] [INFO] Backend stdout: C:\Eshant_Sonhar\Road Safety Hackathon\logs\backend_stdout.log
[2026-05-28 15:19:34.538] [INFO] Backend stderr: C:\Eshant_Sonhar\Road Safety Hackathon\logs\backend_stderr.log
[2026-05-28 15:19:35.572] [ERROR] Startup failed: Backend process exited immediately. PID was 40132
[2026-05-28 15:19:35.572] [ERROR] Failing location: At C:\Eshant_Sonhar\Road Safety Hackathon\scripts\launcher.ps1:349 char:9
+         throw ("{0} process exited immediately. PID was {1}" -f $Name ...
+         ~~~~~~~~~~~~~~~~~~~~~~~~~~~~~~~~~~~~~~~~~~~~~~~~~~~~~~~~~~~~~
[2026-05-28 15:19:35.588] [INFO] Log session ended
