[2026-05-29 20:45:51.257] [INFO] Log file: C:\Eshant_Sonhar\The waymakers-Eshant Sonhar\logs\startup_20260529_204551.log
[2026-05-29 20:45:51.284] [INFO] Root: C:\Eshant_Sonhar\The waymakers-Eshant Sonhar
[2026-05-29 20:45:51.294] [INFO] PowerShell: 5.1.26100.8521
[2026-05-29 20:45:51.294] [STEP] 1/7 Validate environment
[2026-05-29 20:45:51.305] [OK] Found python: C:\Users\eshan\AppData\Local\Programs\Python\Python311\python.exe
[2026-05-29 20:45:51.307] [OK] Found npm.cmd: C:\Program Files\nodejs\npm.cmd
[2026-05-29 20:45:51.310] [OK] Found node: C:\Program Files\nodejs\node.exe
[2026-05-29 20:45:51.358] [OK] Found node: C:\Program Files\nodejs\node.exe
[2026-05-29 20:45:51.587] [STEP] 2/7 Validate project structure
[2026-05-29 20:45:51.592] [OK] Present: C:\Eshant_Sonhar\The waymakers-Eshant Sonhar\backend
[2026-05-29 20:45:51.594] [OK] Present: C:\Eshant_Sonhar\The waymakers-Eshant Sonhar\backend\requirements.txt
[2026-05-29 20:45:51.594] [OK] Present: C:\Eshant_Sonhar\The waymakers-Eshant Sonhar\backend\app\main.py
[2026-05-29 20:45:51.594] [OK] Present: C:\Eshant_Sonhar\The waymakers-Eshant Sonhar\frontend
[2026-05-29 20:45:51.597] [OK] Present: C:\Eshant_Sonhar\The waymakers-Eshant Sonhar\frontend\package.json
[2026-05-29 20:45:51.597] [OK] Present: C:\Eshant_Sonhar\The waymakers-Eshant Sonhar\frontend\vite.config.ts
[2026-05-29 20:45:51.597] [OK] Present: C:\Eshant_Sonhar\The waymakers-Eshant Sonhar\scripts\logger.ps1
[2026-05-29 20:45:51.597] [OK] Present: C:\Eshant_Sonhar\The waymakers-Eshant Sonhar\scripts\healthcheck.ps1
[2026-05-29 20:45:51.603] [STEP] 3/7 Configure backend environment
[2026-05-29 20:45:51.603] [OK] backend\.env already exists
[2026-05-29 20:45:51.608] [STEP] Applying backend environment
[2026-05-29 20:45:51.626] [OK] Applied 24 backend environment variable(s)
[2026-05-29 20:45:51.626] [STEP] 4/7 Prepare Python backend
[2026-05-29 20:45:51.629] [OK] Virtual environment exists: C:\Eshant_Sonhar\The waymakers-Eshant Sonhar\backend\.venv
[2026-05-29 20:45:52.320] [OK] Core backend packages are installed
[2026-05-29 20:45:52.320] [STEP] 5/7 Prepare frontend
[2026-05-29 20:45:52.325] [OK] node_modules already exists
[2026-05-29 20:45:52.327] [OK] Frontend dependencies are ready
[2026-05-29 20:45:52.327] [STEP] 6/7 Start services
[2026-05-29 20:45:52.330] [STEP] Clearing occupied RoadSoS ports
[2026-05-29 20:45:53.035] [WARN] Stopping python (PID 12248) on port 8000
[2026-05-29 20:45:53.337] [WARN] Stopping node (PID 10184) on port 5173
[2026-05-29 20:45:55.940] [OK] Required ports are available
[2026-05-29 20:45:55.958] [STEP] Starting backend on http://127.0.0.1:8000
[2026-05-29 20:45:55.974] [OK] Backend process started. PID 25920
[2026-05-29 20:45:55.974] [INFO] Backend stdout: C:\Eshant_Sonhar\The waymakers-Eshant Sonhar\logs\backend_stdout.log
[2026-05-29 20:45:55.977] [INFO] Backend stderr: C:\Eshant_Sonhar\The waymakers-Eshant Sonhar\logs\backend_stderr.log
[2026-05-29 20:45:56.991] [WAIT] Waiting for backend: http://127.0.0.1:8000/health
[2026-05-29 20:45:58.049] [OK] backend is ready after 1.1s (1/45)
[2026-05-29 20:45:58.059] [STEP] Starting frontend on http://127.0.0.1:5173
[2026-05-29 20:45:58.075] [OK] Frontend process started. PID 22816
[2026-05-29 20:45:58.075] [INFO] Frontend stdout: C:\Eshant_Sonhar\The waymakers-Eshant Sonhar\logs\frontend_stdout.log
[2026-05-29 20:45:58.080] [INFO] Frontend stderr: C:\Eshant_Sonhar\The waymakers-Eshant Sonhar\logs\frontend_stderr.log
[2026-05-29 20:45:59.090] [WAIT] Waiting for frontend: http://127.0.0.1:5173/
[2026-05-29 20:45:59.263] [OK] frontend is ready after 0.2s (1/45)
[2026-05-29 20:45:59.263] [STEP] 7/7 Final verification
[2026-05-29 20:45:59.420] [OK] Backend health: http://127.0.0.1:8000/health
[2026-05-29 20:45:59.425] [OK] Frontend: http://127.0.0.1:5173/
[2026-05-29 20:45:59.426] [INFO] Opening browser
[2026-05-29 20:45:59.493] [OK] RoadSoS is live
[2026-05-29 20:45:59.498] [OK] Frontend: http://127.0.0.1:5173/
[2026-05-29 20:45:59.498] [OK] Backend: http://127.0.0.1:8000/health
[2026-05-29 20:45:59.498] [OK] API docs: http://127.0.0.1:8000/api/docs
[2026-05-29 20:45:59.503] [INFO] Log file: C:\Eshant_Sonhar\The waymakers-Eshant Sonhar\logs\startup_20260529_204551.log
[2026-05-29 20:45:59.503] [INFO] Log session ended
