[2026-05-28 16:12:56.635] [INFO] Log file: C:\Eshant_Sonhar\Road Safety Hackathon\logs\startup_20260528_161256.log
[2026-05-28 16:12:56.674] [INFO] Root: C:\Eshant_Sonhar\Road Safety Hackathon
[2026-05-28 16:12:56.674] [INFO] PowerShell: 5.1.26100.8457
[2026-05-28 16:12:56.674] [STEP] 1/7 Validate environment
[2026-05-28 16:12:56.689] [OK] Found python: C:\Users\eshan\AppData\Local\Programs\Python\Python311\python.exe
[2026-05-28 16:12:56.689] [OK] Found npm.cmd: C:\Program Files\nodejs\npm.cmd
[2026-05-28 16:12:56.705] [OK] Found node: C:\Program Files\nodejs\node.exe
[2026-05-28 16:12:56.768] [OK] Found node: C:\Program Files\nodejs\node.exe
[2026-05-28 16:12:57.190] [STEP] 2/7 Validate project structure
[2026-05-28 16:12:57.190] [OK] Present: C:\Eshant_Sonhar\Road Safety Hackathon\backend
[2026-05-28 16:12:57.190] [OK] Present: C:\Eshant_Sonhar\Road Safety Hackathon\backend\requirements.txt
[2026-05-28 16:12:57.190] [OK] Present: C:\Eshant_Sonhar\Road Safety Hackathon\backend\app\main.py
[2026-05-28 16:12:57.206] [OK] Present: C:\Eshant_Sonhar\Road Safety Hackathon\frontend
[2026-05-28 16:12:57.206] [OK] Present: C:\Eshant_Sonhar\Road Safety Hackathon\frontend\package.json
[2026-05-28 16:12:57.206] [OK] Present: C:\Eshant_Sonhar\Road Safety Hackathon\frontend\vite.config.ts
[2026-05-28 16:12:57.206] [OK] Present: C:\Eshant_Sonhar\Road Safety Hackathon\scripts\logger.ps1
[2026-05-28 16:12:57.206] [OK] Present: C:\Eshant_Sonhar\Road Safety Hackathon\scripts\healthcheck.ps1
[2026-05-28 16:12:57.206] [STEP] 3/7 Configure backend environment
[2026-05-28 16:12:57.221] [OK] backend\.env already exists
[2026-05-28 16:12:57.227] [STEP] Applying backend environment
[2026-05-28 16:12:57.237] [OK] Applied 24 backend environment variable(s)
[2026-05-28 16:12:57.237] [STEP] 4/7 Prepare Python backend
[2026-05-28 16:12:57.237] [OK] Virtual environment exists: C:\Eshant_Sonhar\Road Safety Hackathon\backend\.venv
[2026-05-28 16:12:58.227] [OK] Core backend packages are installed
[2026-05-28 16:12:58.227] [STEP] 5/7 Prepare frontend
[2026-05-28 16:12:58.227] [OK] node_modules already exists
[2026-05-28 16:12:58.236] [OK] Frontend dependencies are ready
[2026-05-28 16:12:58.236] [STEP] 6/7 Start services
[2026-05-28 16:12:58.236] [STEP] Clearing occupied RoadSoS ports
[2026-05-28 16:12:59.583] [WARN] Stopping python (PID 29692) on port 8000
[2026-05-28 16:13:00.880] [WARN] Stopping node (PID 24300) on port 5173
[2026-05-28 16:13:07.479] [OK] Required ports are available
[2026-05-28 16:13:07.488] [STEP] Starting backend on http://127.0.0.1:8000
[2026-05-28 16:13:07.488] [OK] Backend process started. PID 15208
[2026-05-28 16:13:07.504] [INFO] Backend stdout: C:\Eshant_Sonhar\Road Safety Hackathon\logs\backend_stdout.log
[2026-05-28 16:13:07.504] [INFO] Backend stderr: C:\Eshant_Sonhar\Road Safety Hackathon\logs\backend_stderr.log
[2026-05-28 16:13:08.518] [WAIT] Waiting for backend: http://127.0.0.1:8000/health
[2026-05-28 16:13:10.102] [OK] backend is ready after 1.6s (1/45)
[2026-05-28 16:13:10.118] [STEP] Starting frontend on http://127.0.0.1:5173
[2026-05-28 16:13:10.134] [OK] Frontend process started. PID 18384
[2026-05-28 16:13:10.134] [INFO] Frontend stdout: C:\Eshant_Sonhar\Road Safety Hackathon\logs\frontend_stdout.log
[2026-05-28 16:13:10.140] [INFO] Frontend stderr: C:\Eshant_Sonhar\Road Safety Hackathon\logs\frontend_stderr.log
[2026-05-28 16:13:11.150] [WAIT] Waiting for frontend: http://127.0.0.1:5173/
[2026-05-28 16:13:11.192] [OK] frontend is ready after 0s (1/45)
[2026-05-28 16:13:11.192] [STEP] 7/7 Final verification
[2026-05-28 16:13:11.431] [OK] Backend health: http://127.0.0.1:8000/health
[2026-05-28 16:13:11.431] [OK] Frontend: http://127.0.0.1:5173/
[2026-05-28 16:13:11.431] [INFO] Opening browser
[2026-05-28 16:13:11.507] [OK] RoadSoS is live
[2026-05-28 16:13:11.509] [OK] Frontend: http://127.0.0.1:5173/
[2026-05-28 16:13:11.509] [OK] Backend: http://127.0.0.1:8000/health
[2026-05-28 16:13:11.509] [OK] API docs: http://127.0.0.1:8000/api/docs
[2026-05-28 16:13:11.509] [INFO] Log file: C:\Eshant_Sonhar\Road Safety Hackathon\logs\startup_20260528_161256.log
[2026-05-28 16:13:11.509] [INFO] Log session ended
